2018-05-10T04:19:22.068Z - info: Begin Register User
2018-05-10T04:22:01.963Z - info: Begin Register User
2018-05-10T04:22:10.572Z - info: Begin Register User
2018-05-10T04:23:49.655Z - info: Begin Register User
2018-05-10T04:23:49.813Z - info: End Register User
2018-05-23T04:24:24.261Z - info: Express server for Users listening on port3000
2018-05-23T04:25:08.594Z - info: Express server for Users listening on port3000
2018-05-23T04:25:33.769Z - info: Begin Register User
2018-05-23T04:25:33.974Z - info: End Register User
2018-05-23T04:26:14.390Z - info: Express server for Users listening on port3000
2018-05-23T04:26:27.403Z - info: Begin Register User
2018-05-23T04:26:27.607Z - info: End Register User
2018-05-23T04:26:47.291Z - info: Express server for Users listening on port3000
2018-05-23T04:27:45.758Z - info: Express server for Users listening on port3000
2018-05-23T04:27:55.639Z - info: Begin Register User
2018-05-23T04:27:55.873Z - info: End Register User
2018-05-23T04:31:57.682Z - info: Begin Register User
2018-05-23T04:33:37.075Z - info: Begin Register User
2018-05-23T04:33:37.233Z - info: End Register User
2018-05-23T04:34:46.535Z - info: Begin Login User
2018-05-23T04:34:46.703Z - info: End Login User
2018-05-23T04:38:21.649Z - info: Begin List Users
2018-05-23T04:38:21.784Z - info: End List Users
2018-05-23T03:43:54.051Z - info: End List Users
2018-05-23T03:57:52.323Z - info: Express server for Users listening on port3000
2018-05-23T03:59:58.978Z - info: Express server for Users listening on port3000
2018-05-24T02:02:41.537Z - info: Express server for Users listening on port3000
2018-05-24T02:05:16.488Z - info: Begin Login User
2018-05-24T02:05:17.221Z - info: End Login User
2018-05-24T02:05:56.682Z - info: Begin Login User
2018-05-24T02:05:56.834Z - info: End Login User
2018-05-24T02:06:24.235Z - info: Begin List Users
2018-05-24T02:06:24.365Z - info: End List Users
2018-05-24T02:08:15.254Z - info: Express server for Users listening on port3000
2018-05-24T02:08:49.765Z - info: Begin List Users
2018-05-24T02:08:49.931Z - info: End List Users
2018-05-24T02:10:05.928Z - info: Express server for Users listening on port3000
2018-05-24T02:10:17.243Z - info: Begin List Users
2018-05-24T02:10:17.387Z - info: End List Users
2018-05-24T02:11:29.033Z - info: Express server for Users listening on port3000
2018-05-24T02:11:34.560Z - info: Begin List Users
2018-05-24T02:11:34.724Z - info: End List Users
2018-05-24T02:12:38.862Z - info: Express server for Users listening on port3000
2018-05-24T02:13:09.966Z - info: Begin List Users
2018-05-24T02:13:10.127Z - info: End List Users
2018-05-24T02:13:11.769Z - info: Begin List Users
2018-05-24T02:13:11.895Z - info: End List Users
2018-05-24T02:13:13.045Z - info: Begin List Users
2018-05-24T02:13:13.171Z - info: End List Users
2018-05-24T02:13:18.452Z - info: Begin List Users
2018-05-24T02:13:18.584Z - info: End List Users
2018-05-24T02:13:20.609Z - info: Begin List Users
2018-05-24T02:13:20.737Z - info: End List Users
2018-05-24T02:13:21.960Z - info: Begin List Users
2018-05-24T02:13:22.101Z - info: End List Users
2018-05-24T02:13:27.018Z - info: Begin List Users
2018-05-24T02:13:27.142Z - info: End List Users
2018-05-24T02:13:42.521Z - info: Begin List Users
2018-05-24T02:13:42.647Z - info: End List Users
2018-05-24T02:15:13.797Z - info: Express server for Users listening on port3000
2018-05-24T02:15:23.712Z - info: Begin List Users
2018-05-24T02:15:23.873Z - info: End List Users
2018-05-24T02:16:23.295Z - info: Express server for Users listening on port3000
2018-05-24T02:16:35.096Z - info: Begin List Users
2018-05-24T02:17:57.904Z - info: Begin List Users
2018-05-24T02:18:58.546Z - info: Express server for Users listening on port3000
2018-05-24T02:19:01.132Z - info: Begin List Users
2018-05-24T02:19:01.277Z - info: End List Users
2018-05-24T02:19:03.774Z - info: Begin List Users
2018-05-24T02:19:03.902Z - info: End List Users
2018-05-24T02:19:04.389Z - info: Begin List Users
2018-05-24T02:19:04.513Z - info: End List Users
2018-05-24T02:19:05.246Z - info: Begin List Users
2018-05-24T02:19:05.371Z - info: End List Users
2018-05-24T02:19:06.084Z - info: Begin List Users
2018-05-24T02:19:06.210Z - info: End List Users
2018-05-24T02:19:12.405Z - info: Begin List Users
2018-05-24T02:19:12.535Z - info: End List Users
2018-05-24T02:19:34.432Z - info: Begin List Users
2018-05-24T02:19:34.557Z - info: End List Users
2018-05-24T02:19:37.166Z - info: Begin List Users
2018-05-24T02:19:37.289Z - info: End List Users
2018-05-24T02:19:43.556Z - info: Begin List Users
2018-05-24T02:19:43.682Z - info: End List Users
2018-05-24T02:19:44.803Z - info: Begin List Users
2018-05-24T02:19:44.932Z - info: End List Users
2018-05-24T02:20:25.735Z - info: Begin List Users
2018-05-24T02:20:25.862Z - info: End List Users
2018-05-24T02:23:55.006Z - info: Express server for Users listening on port3000
2018-05-24T02:23:58.816Z - info: Begin List Users
2018-05-24T02:23:58.971Z - info: End List Users
2018-05-24T02:24:01.242Z - info: Begin List Users
2018-05-24T02:24:01.373Z - info: End List Users
2018-05-24T02:24:03.587Z - info: Begin List Users
2018-05-24T02:24:03.714Z - info: End List Users
2018-05-24T02:24:04.533Z - info: Begin List Users
2018-05-24T02:24:04.661Z - info: End List Users
2018-05-24T02:24:05.427Z - info: Begin List Users
2018-05-24T02:24:05.556Z - info: End List Users
2018-05-24T02:24:06.397Z - info: Begin List Users
2018-05-24T02:24:06.528Z - info: End List Users
2018-05-24T02:24:07.190Z - info: Begin List Users
2018-05-24T02:24:07.320Z - info: End List Users
2018-05-24T02:24:08.064Z - info: Begin List Users
2018-05-24T02:24:08.196Z - info: End List Users
2018-05-24T02:24:08.937Z - info: Begin List Users
2018-05-24T02:24:09.073Z - info: End List Users
2018-05-24T02:24:09.785Z - info: Begin List Users
2018-05-24T02:24:09.924Z - info: End List Users
2018-05-24T02:24:25.817Z - info: Begin List Users
2018-05-24T02:24:25.945Z - info: End List Users
2018-05-24T02:24:26.839Z - info: Begin List Users
2018-05-24T02:24:26.970Z - info: End List Users
2018-05-24T02:24:27.692Z - info: Begin List Users
2018-05-24T02:24:27.817Z - info: End List Users
2018-05-24T02:24:28.496Z - info: Begin List Users
2018-05-24T02:24:28.631Z - info: End List Users
2018-05-24T02:24:29.319Z - info: Begin List Users
2018-05-24T02:24:29.448Z - info: End List Users
2018-05-24T02:24:37.636Z - info: Begin List Users
2018-05-24T02:24:37.786Z - info: End List Users
2018-05-24T02:24:50.822Z - info: Express server for Users listening on port3000
2018-05-24T02:24:56.729Z - info: Begin List Users
2018-05-24T02:25:01.903Z - info: Begin List Users
2018-05-24T02:25:09.587Z - info: Begin List Users
2018-05-24T02:25:11.036Z - info: Begin List Users
2018-05-24T02:25:17.544Z - info: Begin List Users
2018-05-24T02:25:17.669Z - info: End List Users
2018-05-24T02:25:23.456Z - info: Begin List Users
2018-05-24T02:25:23.597Z - info: End List Users
2018-05-24T02:25:35.750Z - info: Begin List Users
2018-05-24T02:25:35.875Z - info: End List Users
2018-05-24T02:25:50.450Z - info: Begin List Users
2018-05-24T02:25:50.577Z - info: End List Users
2018-05-24T02:25:55.332Z - info: Begin List Users
2018-05-24T02:25:55.460Z - info: End List Users
2018-05-24T02:26:07.257Z - info: Begin List Users
2018-05-24T02:26:07.388Z - info: End List Users
2018-05-24T02:26:15.360Z - info: Begin List Users
2018-05-24T02:26:17.401Z - info: Begin List Users
2018-05-24T02:26:19.265Z - info: Begin List Users
2018-05-24T02:26:58.583Z - info: Express server for Users listening on port3000
2018-05-24T02:27:02.522Z - info: Begin List Users
2018-05-24T02:27:02.668Z - info: End List Users
2018-05-24T02:30:59.121Z - info: Begin List Users
2018-05-24T02:30:59.270Z - info: End List Users
2018-05-24T02:31:05.967Z - info: Begin List Users
2018-05-24T02:31:06.114Z - info: End List Users
2018-05-24T02:31:16.650Z - info: Express server for Users listening on port3000
2018-05-24T02:38:25.808Z - info: Express server for Users listening on port3000
2018-05-24T02:38:52.953Z - info: Begin List Users
2018-05-24T02:38:59.436Z - info: Begin List Users
2018-05-24T02:38:59.585Z - info: End List Users
2018-05-24T02:39:09.799Z - info: Begin List Users
2018-05-24T02:39:11.115Z - info: Begin List Users
2018-05-24T02:47:39.096Z - info: Express server for Users listening on port3000
2018-05-24T02:47:48.900Z - info: Begin List Users
2018-05-24T02:47:50.208Z - info: Begin List Users
2018-05-24T02:47:59.833Z - info: Begin List Users
2018-05-24T02:47:59.963Z - info: End List Users
2018-05-24T02:48:07.375Z - info: Begin List Users
2018-05-24T02:48:07.500Z - info: End List Users
2018-05-24T03:01:56.639Z - info: Express server for Users listening on port3000
2018-05-24T03:03:33.137Z - info: Begin Login User
2018-05-24T03:03:33.336Z - info: End Login User
2018-05-24T03:05:19.063Z - info: Begin Register User
2018-05-24T03:05:19.234Z - info: End Register User
2018-05-24T03:07:16.756Z - info: Begin Login User
2018-05-24T03:07:16.909Z - info: End Login User
2018-05-24T03:08:07.777Z - info: Express server for Users listening on port3000
2018-05-24T03:08:38.820Z - info: Begin List Users
2018-05-24T03:08:50.094Z - info: Begin List Users
2018-05-24T03:08:53.233Z - info: Begin List Users
2018-05-24T03:08:59.685Z - info: Begin List Users
2018-05-24T03:09:03.781Z - info: Begin List Users
2018-05-24T03:09:27.239Z - info: Begin List Users
2018-05-24T03:09:28.831Z - info: Begin List Users
2018-05-24T03:09:30.070Z - info: Begin List Users
2018-05-24T03:13:42.993Z - info: Express server for Users listening on port3000
2018-05-24T03:13:49.374Z - info: Begin List Users
2018-05-24T03:14:03.403Z - info: Begin List Users
2018-05-24T03:15:38.672Z - info: Express server for Users listening on port3000
2018-05-24T03:15:42.498Z - info: Begin List Users
2018-05-24T03:16:54.882Z - info: Express server for Users listening on port3000
2018-05-24T03:17:05.556Z - info: Begin List Users
2018-05-24T03:18:19.124Z - info: Express server for Users listening on port3000
2018-05-24T03:18:22.483Z - info: Begin List Users
2018-05-24T03:18:22.622Z - info: End List Users
2018-05-24T03:18:23.529Z - info: Begin List Users
2018-05-24T03:18:23.654Z - info: End List Users
2018-05-24T03:18:24.465Z - info: Begin List Users
2018-05-24T03:18:24.589Z - info: End List Users
2018-05-24T03:18:25.269Z - info: Begin List Users
2018-05-24T03:18:25.395Z - info: End List Users
2018-05-24T03:18:26.130Z - info: Begin List Users
2018-05-24T03:18:26.255Z - info: End List Users
2018-05-24T03:18:26.954Z - info: Begin List Users
2018-05-24T03:18:27.079Z - info: End List Users
2018-05-24T03:18:27.772Z - info: Begin List Users
2018-05-24T03:18:27.899Z - info: End List Users
2018-05-24T03:18:34.707Z - info: Begin List Users
2018-05-24T03:18:34.832Z - info: End List Users
2018-05-24T03:18:35.655Z - info: Begin List Users
2018-05-24T03:18:35.783Z - info: End List Users
2018-05-24T03:18:43.312Z - info: Begin List Users
2018-05-24T03:18:50.015Z - info: Begin List Users
2018-05-24T03:18:51.056Z - info: Begin List Users
2018-05-24T03:19:00.771Z - info: Begin List Users
2018-05-24T03:19:00.899Z - info: End List Users
2018-05-24T03:19:56.419Z - info: Express server for Users listening on port3000
2018-05-24T03:20:00.141Z - info: Begin List Users
2018-05-24T03:20:00.304Z - info: End List Users
2018-05-24T03:20:01.167Z - info: Begin List Users
2018-05-24T03:20:01.303Z - info: End List Users
2018-05-24T03:20:12.921Z - info: Begin List Users
2018-05-24T03:20:13.047Z - info: End List Users
2018-05-24T03:20:17.272Z - info: Begin List Users
2018-05-24T03:20:17.399Z - info: End List Users
2018-05-24T03:20:18.554Z - info: Begin List Users
2018-05-24T03:20:18.680Z - info: End List Users
2018-05-24T03:20:34.639Z - info: Begin List Users
2018-05-24T03:20:34.768Z - info: End List Users
2018-05-24T03:20:39.353Z - info: Begin List Users
2018-05-24T03:20:39.479Z - info: End List Users
2018-05-24T03:25:34.288Z - info: Express server for Users listening on port3000
2018-05-24T03:25:37.905Z - info: Begin List Users
2018-05-24T03:25:39.814Z - info: Begin List Users
2018-05-24T03:25:40.684Z - info: Begin List Users
2018-05-24T03:25:41.535Z - info: Begin List Users
2018-05-24T03:25:42.502Z - info: Begin List Users
2018-05-24T03:25:43.987Z - info: Begin List Users
2018-05-24T03:25:45.869Z - info: Begin List Users
2018-05-24T03:25:53.304Z - info: Begin List Users
2018-05-24T03:25:53.454Z - info: End List Users
2018-05-24T03:26:39.518Z - info: Express server for Users listening on port3000
2018-05-24T03:26:48.294Z - info: Begin List Users
2018-05-24T03:26:48.456Z - info: End List Users
2018-05-24T03:26:59.253Z - info: Begin List Users
2018-05-24T03:26:59.380Z - info: End List Users
2018-05-24T03:27:01.828Z - info: Begin List Users
2018-05-24T03:27:01.953Z - info: End List Users
2018-05-24T03:27:03.518Z - info: Begin List Users
2018-05-24T03:27:03.642Z - info: End List Users
2018-05-24T03:30:31.764Z - info: Express server for Users listening on port3000
2018-05-24T03:30:35.483Z - info: Begin List Users
2018-05-24T03:30:35.651Z - info: End List Users
2018-05-24T03:30:52.235Z - info: Begin List Users
2018-05-24T03:30:52.366Z - info: End List Users
2018-05-24T03:30:57.498Z - info: Begin List Users
2018-05-24T03:30:57.623Z - info: End List Users
2018-05-24T03:31:26.607Z - info: Express server for Users listening on port3000
2018-05-24T03:31:31.330Z - info: Begin List Users
2018-05-24T03:31:31.484Z - info: End List Users
2018-05-24T03:31:32.808Z - info: Begin List Users
2018-05-24T03:31:32.946Z - info: End List Users
2018-05-24T03:31:33.737Z - info: Begin List Users
2018-05-24T03:31:33.864Z - info: End List Users
2018-05-24T03:31:36.376Z - info: Begin List Users
2018-05-24T03:31:36.504Z - info: End List Users
2018-05-24T03:31:53.737Z - info: Begin List Users
2018-05-24T03:31:53.867Z - info: End List Users
2018-05-24T03:33:18.791Z - info: Express server for Users listening on port3000
2018-05-24T03:33:22.126Z - info: Begin List Users
2018-05-24T03:33:22.283Z - info: End List Users
2018-05-24T03:33:29.436Z - info: Begin List Users
2018-05-24T03:33:29.668Z - info: End List Users
2018-05-24T03:33:30.923Z - info: Begin List Users
2018-05-24T03:33:31.049Z - info: End List Users
2018-05-24T03:33:45.035Z - info: Begin List Users
2018-05-24T03:33:45.162Z - info: End List Users
2018-05-24T03:35:08.305Z - info: Express server for Users listening on port3000
2018-05-24T03:35:11.719Z - info: Begin List Users
2018-05-24T03:35:11.882Z - info: End List Users
2018-05-24T03:35:30.879Z - info: Begin List Users
2018-05-24T03:35:52.030Z - info: Begin List Users
2018-05-24T03:35:52.158Z - info: End List Users
2018-05-24T03:36:02.513Z - info: Begin List Users
2018-05-24T03:36:02.638Z - info: End List Users
2018-05-24T03:36:15.476Z - info: Begin List Users
2018-05-24T03:36:15.655Z - info: End List Users
2018-05-24T03:36:22.141Z - info: Begin List Users
2018-05-24T03:36:23.667Z - info: Begin List Users
2018-05-24T03:36:24.435Z - info: Begin List Users
2018-05-24T03:36:28.357Z - info: Begin List Users
2018-05-24T03:36:32.230Z - info: Begin List Users
2018-05-24T03:36:32.356Z - info: End List Users
2018-05-24T03:36:40.324Z - info: Begin List Users
2018-05-24T03:37:23.748Z - info: Express server for Users listening on port3000
2018-05-24T03:37:25.575Z - info: Begin List Users
2018-05-24T03:37:25.736Z - info: End List Users
2018-05-24T03:37:31.098Z - info: Begin List Users
2018-05-24T03:37:31.225Z - info: End List Users
2018-05-24T03:38:07.793Z - info: Express server for Users listening on port3000
2018-05-24T03:38:11.333Z - info: Begin List Users
2018-05-24T03:40:13.048Z - info: Express server for Users listening on port3000
2018-05-24T03:40:17.254Z - info: Begin List Users
2018-05-24T03:40:19.390Z - info: Begin List Users
2018-05-24T03:40:20.376Z - info: Begin List Users
2018-05-24T03:40:26.833Z - info: Begin List Users
2018-05-24T03:40:28.042Z - info: Begin List Users
2018-05-24T03:41:03.259Z - info: Begin List Users
2018-05-24T03:41:04.322Z - info: Begin List Users
2018-05-24T03:41:07.417Z - info: Begin List Users
2018-05-24T03:41:07.554Z - info: End List Users
2018-05-24T03:41:55.519Z - info: Express server for Users listening on port3000
2018-05-24T03:41:58.524Z - info: Begin List Users
2018-05-24T03:41:59.874Z - info: Begin List Users
2018-05-24T03:42:00.780Z - info: Begin List Users
2018-05-24T03:43:20.375Z - info: Express server for Users listening on port3000
2018-05-24T03:43:24.062Z - info: Begin List Users
2018-05-24T03:43:26.165Z - info: Begin List Users
2018-05-24T03:43:26.902Z - info: Begin List Users
2018-05-24T03:43:27.401Z - info: Begin List Users
2018-05-24T03:43:33.233Z - info: Begin List Users
2018-05-24T03:43:34.241Z - info: Begin List Users
2018-05-24T03:43:45.991Z - info: Begin List Users
2018-05-24T03:43:46.141Z - info: End List Users
2018-05-24T03:44:18.683Z - info: Express server for Users listening on port3000
2018-05-24T03:44:21.826Z - info: Begin List Users
2018-05-24T03:44:21.987Z - info: End List Users
2018-05-24T03:44:30.441Z - info: Begin List Users
2018-05-24T03:44:41.507Z - info: Begin List Users
2018-05-24T03:44:42.408Z - info: Begin List Users
2018-05-24T03:45:00.804Z - info: Begin List Users
2018-05-24T03:45:02.258Z - info: Begin List Users
2018-05-24T03:46:26.280Z - info: Express server for Users listening on port3000
2018-05-24T03:46:29.991Z - info: Begin List Users
2018-05-24T03:48:30.026Z - info: Express server for Users listening on port3000
2018-05-24T03:48:33.702Z - info: Begin List Users
2018-05-24T03:48:33.862Z - info: End List Users
2018-05-24T03:48:39.897Z - info: Begin List Users
2018-05-24T03:48:40.023Z - info: End List Users
2018-05-24T03:50:49.825Z - info: Express server for Users listening on port3000
2018-05-24T03:50:53.564Z - info: Begin List Users
2018-05-24T03:50:53.736Z - info: End List Users
2018-05-24T03:51:04.125Z - info: Begin List Users
2018-05-24T03:51:04.258Z - info: End List Users
2018-05-24T03:51:12.729Z - info: Begin List Users
2018-05-24T03:51:12.861Z - info: End List Users
2018-05-24T03:51:21.328Z - info: Begin List Users
2018-05-24T03:51:21.454Z - info: End List Users
2018-05-24T03:56:40.209Z - info: Express server for Users listening on port3000
2018-05-24T03:57:06.492Z - info: Begin 
2018-05-24T03:57:06.635Z - info: End 

2018-05-24T04:01:54.005Z - info: Begin 
2018-05-24T04:01:54.131Z - info: End 
2018-05-24T12:17:17.815Z - info: Express server for Users listening on port3000
2018-05-24T12:17:25.757Z - info: Begin Login User
2018-05-24T12:17:26.260Z - info: End Login User
2018-05-24T12:18:04.549Z - info: Begin 
2018-05-24T12:18:04.736Z - info: End 
2018-05-24T12:18:52.577Z - info: Express server for Users listening on port3000
2018-05-24T12:18:55.639Z - info: Begin 
2018-05-24T12:18:55.814Z - info: End 
2018-05-24T12:19:48.565Z - info: Begin List Users
2018-05-24T12:19:48.567Z - info: End List Users
2018-05-24T12:20:48.847Z - info: Express server for Users listening on port3000
2018-05-24T12:20:52.202Z - info: Begin List Users
2018-05-24T12:20:52.204Z - info: End List Users
2018-05-24T12:21:32.331Z - info: Express server for Users listening on port3000
2018-05-24T12:21:35.802Z - info: Begin List Users
2018-05-24T12:21:35.805Z - info: End List Users
2018-05-24T12:22:04.704Z - info: Begin 
2018-05-24T12:22:04.836Z - info: End 
2018-05-24T12:24:14.264Z - info: Express server for Users listening on port3000
2018-05-24T12:24:15.863Z - info: Begin 
2018-05-24T12:24:16.023Z - info: End 
2018-05-24T12:33:21.227Z - info: Express server for Users listening on port3000
2018-05-24T12:33:55.527Z - info: Begin List Users
2018-05-24T12:33:55.531Z - info: End List Users
2018-05-24T12:34:55.723Z - info: Begin Register User
2018-05-24T12:34:59.708Z - info: End Register User
2018-05-24T12:40:45.415Z - info: Begin 
2018-05-24T12:40:45.560Z - info: End 
2018-05-24T12:40:53.023Z - info: Begin List Users
2018-05-24T12:40:53.023Z - info: End List Users
2018-05-24T12:41:11.673Z - info: Begin List Users
2018-05-24T12:41:11.674Z - info: End List Users
2018-05-24T12:41:41.312Z - info: Begin 
2018-05-24T12:41:41.438Z - info: End 
2018-05-24T12:42:10.547Z - info: Begin Update User
2018-05-24T12:42:10.548Z - info: End Update User
2018-05-24T12:43:13.186Z - info: Express server for Users listening on port3000
2018-05-24T12:49:08.288Z - info: Begin Update User
2018-05-24T12:49:08.295Z - info: End Update User
2018-05-24T12:51:14.257Z - info: Express server for Users listening on port3000
2018-05-24T12:51:17.580Z - info: Begin Update User
2018-05-24T12:51:17.584Z - info: End Update User
2018-05-24T12:51:59.094Z - info: Begin List User
2018-05-24T12:51:59.225Z - info: End List User
2018-05-24T13:06:25.895Z - info: Begin Register User
2018-05-24T13:06:26.096Z - info: End Register User
2018-05-24T13:07:28.175Z - info: Begin inactive User
2018-05-24T13:07:28.175Z - info: End inactive User
2018-05-24T13:07:58.768Z - info: Begin inactive User
2018-05-24T13:07:58.769Z - info: End inactive User
2018-05-24T13:10:33.337Z - info: Begin Register User
2018-05-24T13:10:33.500Z - info: End Register User
2018-05-24T13:11:27.332Z - info: Begin Register User
2018-05-24T13:11:27.486Z - info: End Register User
2018-05-24T13:13:03.654Z - info: Express server for Users listening on port3000
2018-05-24T13:13:07.060Z - info: Begin Register User
2018-05-24T13:13:07.364Z - info: End Register User
2018-05-24T13:14:12.766Z - info: Express server for Users listening on port3000
2018-05-24T13:14:18.030Z - info: Begin Register User
2018-05-24T13:14:18.473Z - info: End Register User
2018-05-24T13:19:13.752Z - info: Express server for Users listening on port3000
2018-05-24T13:19:20.371Z - info: Begin Register User
2018-05-24T13:19:20.632Z - info: End Register User
2018-05-24T14:10:41.768Z - info: Express server for Users listening on port3000
2018-05-24T14:11:01.683Z - info: Begin Register User
2018-05-24T14:11:01.961Z - info: End Register User
2018-05-24T14:12:52.387Z - info: Express server for Users listening on port3000
2018-05-24T14:12:58.723Z - info: Begin Register User
2018-05-24T14:12:58.811Z - info: End Register User
2018-05-24T14:14:32.927Z - info: Begin Register User
2018-05-24T14:14:32.961Z - info: End Register User
2018-05-24T14:15:15.321Z - info: Express server for Users listening on port3000
2018-05-24T14:15:23.734Z - info: Begin Register User
2018-05-24T14:15:23.822Z - info: End Register User
2018-05-24T14:16:14.330Z - info: Begin inactive User
2018-05-24T14:16:14.333Z - info: End inactive User
2018-05-24T14:18:26.432Z - info: Express server for Users listening on port3000
2018-05-24T14:18:33.703Z - info: Begin inactive User
2018-05-24T14:18:33.707Z - info: End inactive User
2018-05-24T14:19:25.109Z - info: Express server for Users listening on port3000
2018-05-24T14:19:29.560Z - info: Begin inactive User
2018-05-24T14:19:29.563Z - info: End inactive User
2018-05-24T14:33:23.806Z - info: Express server for Users listening on port3000
2018-05-24T14:33:46.341Z - info: Begin inactive User
2018-05-24T14:33:46.343Z - info: End inactive User
2018-05-24T14:34:35.114Z - info: Express server for Users listening on port3000
2018-05-24T14:34:41.472Z - info: Begin inactive User
2018-05-24T14:34:41.477Z - info: End inactive User
2018-05-24T14:35:36.826Z - info: Express server for Users listening on port3000
2018-05-24T14:39:04.760Z - info: Begin Login User
2018-05-24T14:39:04.866Z - info: End Login User
2018-05-24T14:40:02.600Z - info: Begin List Users
2018-05-24T14:40:02.602Z - info: End List Users
2018-05-24T14:41:30.685Z - info: Begin List Users
2018-05-24T14:41:30.687Z - info: End List Users
2018-05-24T14:42:04.414Z - info: Begin Login User
2018-05-24T14:42:04.453Z - info: End Login User
2018-05-24T14:43:03.981Z - info: Begin 
2018-05-24T14:43:03.985Z - info: End 
2018-05-24T14:44:18.667Z - info: Begin Login User
2018-05-24T14:44:18.707Z - info: End Login User
2018-05-24T14:45:01.365Z - info: Begin 
2018-05-24T14:45:01.367Z - info: End 
2018-05-24T14:47:37.210Z - info: Express server for Users listening on port3000
2018-05-24T14:49:05.448Z - info: Begin Register User
2018-05-24T14:49:05.715Z - info: End Register User
2018-05-24T14:50:00.700Z - info: Begin Register User
2018-05-24T14:50:00.744Z - info: End Register User
2018-05-24T14:50:23.231Z - info: Begin Register User
2018-05-24T14:50:23.270Z - info: End Register User
2018-05-24T14:51:17.724Z - info: Begin Login User
2018-05-24T14:51:17.775Z - info: End Login User
2018-05-24T14:51:44.559Z - info: Begin 
2018-05-24T14:51:44.563Z - info: End 
2018-05-24T14:54:18.362Z - info: Begin Login User
2018-05-24T14:54:18.400Z - info: End Login User
2018-05-24T14:55:33.851Z - info: Express server for Users listening on port3000
2018-05-24T14:55:43.229Z - info: Begin Login User
2018-05-24T14:55:43.327Z - info: End Login User
2018-05-24T14:56:03.811Z - info: Begin inactive User
2018-05-24T14:56:03.813Z - info: End inactive User
2018-05-24T17:32:47.500Z - info: Express server for Users listening on port3000
2018-05-24T17:33:10.082Z - info: Begin Register User
2018-05-24T17:35:33.758Z - info: Express server for Users listening on port3000
2018-05-24T17:35:40.025Z - info: Begin Register User
2018-05-24T17:36:27.738Z - info: Begin Register User
2018-05-24T17:36:31.263Z - info: Begin Register User
2018-05-24T17:37:51.171Z - info: Express server for Users listening on port3000
2018-05-24T17:37:53.713Z - info: Begin Register User
2018-05-24T17:38:45.546Z - info: Express server for Users listening on port3000
2018-05-24T17:38:48.302Z - info: Begin Register User
2018-05-24T17:38:48.396Z - info: End Register User
2018-05-24T17:38:52.932Z - info: Begin Register User
2018-05-24T17:38:52.969Z - info: End Register User
2018-05-24T17:40:52.820Z - info: Express server for Users listening on port3000
2018-05-24T17:40:55.138Z - info: Begin Register User
2018-05-24T17:41:41.016Z - info: Begin Register User
2018-05-24T17:42:39.313Z - info: Begin Register User
2018-05-24T17:42:52.837Z - info: Begin Register User
2018-05-24T17:42:58.756Z - info: Begin Register User
2018-05-24T17:43:02.577Z - info: Begin Register User
2018-05-24T17:44:18.974Z - info: Express server for Users listening on port3000
2018-05-24T17:44:24.121Z - info: Begin Register User
2018-05-24T17:44:24.241Z - info: End Register User
2018-05-24T17:44:46.702Z - info: Begin Register User
2018-05-24T17:44:46.745Z - info: End Register User
2018-05-24T17:45:42.853Z - info: Express server for Users listening on port3000
2018-05-24T17:45:53.125Z - info: Begin Register User
2018-05-24T17:46:19.792Z - info: Begin Register User
2018-05-24T17:46:39.478Z - info: Begin Register User
2018-05-24T17:47:06.837Z - info: Begin Register User
2018-05-24T17:47:19.363Z - info: Express server for Users listening on port3000
2018-05-24T17:47:23.211Z - info: Begin Register User
2018-05-24T17:47:23.323Z - info: End Register User
2018-05-24T17:47:27.752Z - info: Begin Register User
2018-05-24T17:47:27.795Z - info: End Register User
2018-05-24T17:48:45.039Z - info: Begin Register User
2018-05-24T17:48:45.085Z - info: End Register User
2018-05-24T17:50:06.631Z - info: Express server for Users listening on port3000
2018-05-24T17:50:12.874Z - info: Begin Register User
2018-05-24T17:50:12.963Z - info: End Register User
2018-05-24T17:50:16.506Z - info: Begin Register User
2018-05-24T17:50:16.547Z - info: End Register User
2018-05-24T17:50:17.639Z - info: Begin Register User
2018-05-24T17:50:18.675Z - info: End Register User
2018-05-24T17:51:32.612Z - info: Express server for Users listening on port3000
2018-05-24T17:51:36.105Z - info: Begin Register User
2018-05-24T17:51:36.189Z - info: End Register User
2018-05-24T17:51:37.541Z - info: Begin Register User
2018-05-24T17:51:37.586Z - info: End Register User
2018-05-24T17:51:38.816Z - info: Begin Register User
2018-05-24T17:51:38.854Z - info: End Register User
2018-05-24T17:52:25.837Z - info: Express server for Users listening on port3000
2018-05-24T17:52:29.692Z - info: Begin Register User
2018-05-24T17:52:29.820Z - info: End Register User
2018-05-24T17:54:09.836Z - info: Express server for Users listening on port3000
2018-05-24T17:54:12.333Z - info: Begin Register User
2018-05-24T17:54:14.494Z - info: Begin Register User
2018-05-24T17:54:15.503Z - info: Begin Register User
2018-05-24T17:54:21.504Z - info: Begin Register User
2018-05-24T17:54:22.886Z - info: Begin Register User
2018-05-24T17:57:13.776Z - info: Begin Register User
2018-05-24T18:01:03.752Z - info: Express server for Users listening on port3000
2018-05-24T18:01:10.217Z - info: Begin Register User
2018-05-24T18:01:10.300Z - info: End Register User
2018-05-24T18:01:12.697Z - info: Begin Register User
2018-05-24T18:01:14.239Z - info: Begin Register User
2018-05-24T18:01:15.359Z - info: Begin Register User
2018-05-24T18:01:20.884Z - info: Begin Register User
2018-05-24T18:01:20.917Z - info: End Register User
2018-05-24T18:01:24.558Z - info: Begin Register User
2018-05-24T18:02:12.243Z - info: Begin Register User
2018-05-24T18:02:12.275Z - info: End Register User
2018-05-24T18:02:13.780Z - info: Begin Register User
2018-05-24T18:02:15.581Z - info: Begin Register User
2018-05-24T18:04:27.559Z - info: Begin Register User
2018-05-24T18:46:51.993Z - info: Express server for Users listening on port3000
2018-05-24T18:47:01.952Z - info: Begin Register User
2018-05-24T18:48:10.957Z - info: Express server for Users listening on port3000
2018-05-24T18:48:14.576Z - info: Begin Register User
2018-05-24T18:49:17.567Z - info: Express server for Users listening on port3000
2018-05-24T18:49:21.757Z - info: Begin Register User
2018-05-24T18:49:36.478Z - info: Begin Register User
2018-05-24T18:49:36.524Z - info: End Register User
2018-05-24T18:49:40.124Z - info: Begin Register User
2018-05-24T18:54:19.416Z - info: Express server for Users listening on port3000
2018-05-24T18:56:09.819Z - info: Express server for Users listening on port3000
2018-05-24T18:56:15.783Z - info: Begin Register User
2018-05-24T18:56:57.345Z - info: Begin Register User
2018-05-24T18:57:04.992Z - info: Begin Register User
2018-05-24T18:57:05.032Z - info: End Register User
2018-05-24T18:57:13.465Z - info: Begin Register User
2018-05-24T18:58:08.929Z - info: Express server for Users listening on port3000
2018-05-24T18:58:15.659Z - info: Begin Register User
2018-05-24T19:00:08.789Z - info: Express server for Users listening on port3000
2018-05-24T19:00:21.798Z - info: Begin Register User
2018-05-24T19:00:43.027Z - info: Begin Register User
2018-05-24T19:00:51.797Z - info: Begin Register User
2018-05-24T19:05:48.816Z - info: Begin Login User
2018-05-24T19:05:48.855Z - info: End Login User
2018-05-24T19:10:24.277Z - info: Express server for Users listening on port3000
2018-05-24T19:12:25.835Z - info: Express server for Users listening on port3000
2018-05-24T19:14:26.011Z - info: Express server for Users listening on port3000
2018-05-24T19:15:28.695Z - info: Express server for Users listening on port3000
2018-05-24T19:16:13.231Z - info: Express server for Users listening on port3000
2018-05-24T19:18:40.820Z - info: Express server for Users listening on port3000
2018-05-24T19:19:37.296Z - info: Express server for Users listening on port3000
2018-05-24T19:20:52.878Z - info: Express server for Users listening on port3000
2018-05-24T19:21:57.398Z - info: Express server for Users listening on port3000
2018-05-24T19:23:03.206Z - info: Express server for Users listening on port3000
2018-05-24T19:24:02.496Z - info: Express server for Users listening on port3000
2018-05-24T19:26:12.710Z - info: Express server for Users listening on port3000
2018-05-24T19:26:16.004Z - info: Begin inactive User
2018-05-24T19:26:16.007Z - info: End inactive User
2018-05-24T19:27:16.560Z - info: Express server for Users listening on port3000
2018-05-24T19:27:31.190Z - info: Begin inactive User
2018-05-24T19:27:31.194Z - info: End inactive User
2018-05-24T19:29:49.203Z - info: Express server for Users listening on port3000
2018-05-24T19:32:26.154Z - info: Express server for Users listening on port3000
2018-05-24T19:33:29.161Z - info: Express server for Users listening on port3000
2018-05-24T19:33:33.002Z - info: Begin 
2018-05-24T19:33:33.051Z - info: End 
2018-05-25T03:32:00.298Z - info: Express server for Users listening on port3000
2018-05-25T03:33:46.519Z - info: Express server for Users listening on port3000
2018-05-25T03:33:49.938Z - info: Begin Register User
2018-05-25T03:34:03.097Z - info: Begin Register User
2018-05-25T03:34:43.208Z - info: Express server for Users listening on port3000
2018-05-25T03:34:48.094Z - info: Begin Register User
2018-05-25T03:34:57.515Z - info: Begin Register User
2018-05-25T03:35:04.971Z - info: Begin Register User
2018-05-25T03:35:05.265Z - info: End Register User
2018-05-25T03:35:42.324Z - info: Begin Register User
2018-05-25T03:35:59.761Z - info: Begin Register User
2018-05-25T03:36:00.049Z - info: End Register User
2018-05-25T03:37:16.150Z - info: Begin Register User
2018-05-25T03:37:16.433Z - info: End Register User
2018-05-25T03:37:53.785Z - info: Begin List Users
2018-05-25T03:37:53.787Z - info: End List Users
2018-05-25T03:38:07.776Z - info: Begin List Users
2018-05-25T03:38:07.777Z - info: End List Users
2018-05-25T03:38:18.660Z - info: Begin List Users
2018-05-25T03:38:18.660Z - info: End List Users
2018-05-25T03:38:35.144Z - info: Begin List Users
2018-05-25T03:38:35.145Z - info: End List Users
2018-05-25T03:39:48.206Z - info: Begin Login User
2018-05-25T03:39:48.365Z - info: End Login User
2018-05-25T03:40:41.783Z - info: Begin 
2018-05-25T03:40:41.912Z - info: End 
2018-05-25T03:41:16.698Z - info: Begin inactive User
2018-05-25T03:41:16.700Z - info: End inactive User
2018-05-08T02:45:20.277Z - info: Express server for Users listening on port3000
2018-05-08T02:45:25.193Z - info: Begin Login User
2018-05-08T02:45:25.449Z - info: End Login User
2018-05-25T14:04:15.479Z - info: Begin Login User
2018-05-25T14:04:21.074Z - info: End Login User
2018-05-25T19:45:50.363Z - info: Express server for Users listening on port3000
2018-05-25T19:46:38.281Z - info: Begin 
2018-05-25T19:46:38.457Z - info: End 
2018-05-25T19:48:40.687Z - info: Begin 
2018-05-25T19:48:40.813Z - info: End 
2018-05-25T19:49:09.511Z - info: Begin 
2018-05-25T19:49:09.637Z - info: End2018-05-28T02:32:12.956Z - info: Express server for Users listening on port3000
2018-05-28T02:32:53.917Z - info: Express server for Users listening on port3000
2018-05-28T02:35:18.831Z - info: Begin Update User
2018-05-28T02:35:18.961Z - info: End Update User
2018-05-28T02:56:01.765Z - info: Begin Update User
2018-05-28T02:56:01.871Z - info: End Update User
2018-05-28T02:56:24.716Z - info: Begin Update User
2018-05-28T02:56:24.787Z - info: End Update User
2018-05-28T03:00:56.478Z - info: Begin Update User
2018-05-28T03:00:56.540Z - info: End Update User
2018-05-28T03:00:59.880Z - info: Begin Update User
2018-05-28T03:00:59.946Z - info: End Update User
2018-05-28T03:04:16.610Z - info: Begin Update User
2018-05-28T03:04:16.704Z - info: End Update User
2018-05-28T03:04:27.282Z - info: Begin Update User
2018-05-28T03:04:27.361Z - info: End Update User
2018-05-28T03:04:44.299Z - info: Begin Update User
2018-05-28T03:04:44.363Z - info: End Update User
2018-05-28T03:04:45.847Z - info: Begin Update User
2018-05-28T03:04:45.911Z - info: End Update User
2018-05-28T05:50:06.197Z - info: Express server for Users listening on port3000
2018-05-28T05:50:47.433Z - info: Begin Login User
2018-05-28T05:51:17.263Z - info: Begin Login User
2018-05-28T05:51:17.505Z - info: End Login User
2018-05-28T05:53:25.953Z - info: Begin List Users
2018-05-28T05:53:25.971Z - info: End List Users
2018-05-29T17:45:54.627Z - info: Express server for Users listening on port3000
2018-05-29T18:00:40.794Z - info: Begin Login User
2018-05-29T18:00:41.199Z - info: End Login User
2019-05-15T04:19:38.308Z - info: Express server for Users listening on port3000
2019-05-15T04:21:26.092Z - info: Begin Login User
2019-05-15T04:33:43.344Z - info: Begin Login User
2019-05-15T04:41:15.207Z - info: Begin Login User
2022-06-28T16:33:08.263Z - info: Express server for Users listening on port3000
2022-06-28T16:39:41.073Z - info: Begin Register User
2022-06-28T16:40:44.177Z - info: Begin Register User
2022-06-28T16:42:01.940Z - info: Begin Register User
2022-06-28T16:43:04.051Z - info: Begin Register User
2022-06-29T13:11:51.746Z - info: Begin Register User
2022-06-29T13:30:39.354Z - info: Express server for Users listening on port3000
2022-06-29T13:30:59.507Z - info: Begin Register User
2022-06-29T13:55:40.980Z - info: Begin Register User
2022-06-29T14:02:23.732Z - info: Begin Register User
2022-06-29T14:03:14.495Z - info: Begin Login User
2022-06-29T14:08:53.526Z - info: Begin Register User
2022-06-29T14:10:11.634Z - info: Begin Register User
2022-06-29T14:11:04.910Z - info: Begin Register User
2022-06-29T14:11:33.539Z - info: Begin Login User
2022-06-29T14:12:00.426Z - info: Begin Login User
2022-06-29T14:15:04.285Z - info: Express server for Users listening on port3000
2022-06-29T14:15:23.595Z - info: Begin Login User
2022-06-29T14:16:30.671Z - info: Begin Register User
2022-06-29T14:16:39.330Z - info: Begin Register User
2022-06-29T14:17:07.598Z - info: Begin Register User
2022-06-29T14:18:23.710Z - info: Begin Register User
2023-05-24T13:56:34.559Z - info: Express server for Users listening on port3000
2023-05-24T14:01:56.576Z - info: Begin Register User
2023-05-24T14:04:11.853Z - info: Begin Register User
2023-05-24T14:04:29.529Z - info: Begin Register User
2023-05-24T14:07:38.683Z - info: Begin Register User
2023-05-24T14:07:55.508Z - info: Begin Register User
2023-05-24T14:07:55.747Z - info: End Register User
2023-05-24T14:13:13.090Z - info: Express server for Users listening on port3000
2023-05-24T14:17:50.571Z - info: Begin Login User
2023-05-24T14:17:50.791Z - info: End Login User
2023-10-17T16:47:03.958Z - info: Express server for Users listening on port3000
2023-10-17T16:50:33.892Z - info: Express server for Users listening on port3000
2023-10-18T14:06:27.396Z - info: Express server for Users listening on port3000
2023-10-18T14:06:47.835Z - info: Express server for Users listening on port3000
2023-10-18T14:20:10.362Z - info: Express server for Users listening on port3000
2023-10-18T14:20:35.896Z - info: Ingreso a Prueba
2023-10-18T14:23:54.951Z - info: Express server for Users listening on port3000
2023-10-18T14:24:01.714Z - info: Begin List Users
2023-10-18T14:24:01.717Z - info: End List Users
2023-10-18T14:26:33.423Z - info: Express server for Users listening on port3000
2023-10-18T14:26:35.412Z - info: Inicio Lista deusuarios
2023-10-18T14:26:35.759Z - info: Final lista de usuarios
2023-10-18T14:28:00.641Z - info: Express server for Users listening on port3000
2023-10-18T14:28:04.489Z - info: Inicio Lista deusuarios
2023-10-18T14:28:04.492Z - info: Final lista de usuarios
2023-10-18T14:28:48.695Z - info: Inicio Lista deusuarios
2023-10-18T14:28:48.697Z - info: Final lista de usuarios
2023-10-18T14:29:22.304Z - info: Express server for Users listening on port3000
2023-10-18T14:29:26.749Z - info: Inicio Lista deusuarios
2023-10-18T14:29:26.758Z - info: Final lista de usuarios
2023-10-18T14:31:34.757Z - info: Express server for Users listening on port3000
2023-10-18T14:31:35.826Z - info: Inicio Lista deusuarios
2023-10-18T14:31:35.834Z - info: Final lista de usuarios
2023-10-18T14:32:26.385Z - info: Inicio Lista deusuarios
2023-10-18T14:32:26.387Z - info: Final lista de usuarios
2023-10-18T14:33:00.955Z - info: Inicio Lista deusuarios
2023-10-18T14:33:00.956Z - info: Final lista de usuarios
2023-10-18T14:33:43.638Z - info: Inicio Lista deusuarios
2023-10-18T14:33:43.640Z - info: Final lista de usuarios
2023-10-18T14:34:22.223Z - info: Express server for Users listening on port3000
2023-10-18T14:34:25.907Z - info: Inicio Lista deusuarios
2023-10-18T14:34:25.915Z - info: Final lista de usuarios
2023-10-18T14:37:44.741Z - info: Begin Register User
2023-10-18T14:37:44.959Z - info: End Register User
2023-10-18T14:37:59.737Z - info: Inicio Lista deusuarios
2023-10-18T14:37:59.740Z - info: Final lista de usuarios
2023-10-18T14:38:20.153Z - info: Begin Register User
2023-10-18T14:38:20.223Z - info: End Register User
2023-10-18T14:42:14.569Z - info: Begin Register User
2023-10-18T14:46:54.986Z - info: Express server for Users listening on port3000
2023-10-18T14:47:13.092Z - info: Begin Register User
2023-10-18T14:47:13.292Z - info: End Register User
2023-10-18T14:48:01.100Z - info: Express server for Users listening on port3000
2023-10-18T14:48:07.367Z - info: Begin Register User
2023-10-18T14:48:21.566Z - info: Begin Register User
2023-10-18T14:48:21.746Z - info: End Register User
2023-10-18T14:49:20.066Z - info: Begin List User
2023-10-18T14:49:20.076Z - info: End List User
2023-10-18T14:52:57.240Z - info: Express server for Users listening on port3000
2023-10-18T14:53:03.028Z - info: Begin Update User
2023-10-18T14:53:03.030Z - info: End Update User
2023-10-18T14:53:52.180Z - info: Begin inactive User
2023-10-18T14:53:52.181Z - info: End inactive User
2023-10-24T15:31:09.430Z - info: Express server for Users listening on port3000
2023-10-24T15:33:32.201Z - info: Express server for Users listening on port3000
2023-10-24T15:37:43.437Z - info: Express server for Users listening on port3000
2023-10-24T15:37:53.169Z - info: Ingreso a Prueba
2023-10-24T15:42:59.832Z - info: Express server for Users listening on port3000
2023-10-24T15:43:21.466Z - info: Ingreso a Prueba
2023-10-24T15:43:43.072Z - info: Express server for Users listening on port3000
2023-10-24T15:43:50.103Z - info: Ingreso a Prueba
2023-10-24T15:47:15.612Z - info: Ingreso a Prueba
2023-10-24T15:52:38.615Z - info: Express server for Users listening on port3000
2023-10-24T16:00:08.210Z - info: Express server for Users listening on port3000
2023-10-24T16:00:59.943Z - info: Express server for Users listening on port3000
2023-10-24T16:07:30.106Z - info: Express server for Users listening on port3000
2023-10-24T16:08:18.000Z - info: Express server for Users listening on port3000
2023-10-24T16:17:07.367Z - info: Express server for Users listening on port3000
2023-10-24T16:17:16.767Z - info: Ingreso a Prueba
2023-10-24T16:17:50.725Z - info: Begin List User
2023-10-24T16:17:57.407Z - info: Begin Register User
2023-10-24T16:18:09.842Z - info: Inicio Lista deusuarios
2023-10-24T16:19:41.705Z - info: Express server for Users listening on port3000
2023-10-24T16:22:08.224Z - info: Express server for Users listening on port3000
2023-10-24T16:42:36.202Z - info: Express server for Users listening on port3000
2023-10-24T16:42:56.368Z - info: Begin Register User
2023-10-24T16:44:07.365Z - info: Begin List User
2023-10-24T16:44:24.618Z - info: Begin List User
2023-10-24T16:44:34.704Z - info: Inicio Lista deusuarios
2023-10-27T03:26:19.946Z - info: Express server for Users listening on port3000
2023-10-27T03:27:13.335Z - info: Ingreso a Prueba
2023-10-27T03:27:45.121Z - info: Inicio Lista deusuarios
2023-10-27T03:27:45.125Z - info: Final lista de usuarios
2023-10-27T03:29:51.224Z - info: Express server for Users listening on port3000
2023-10-27T03:30:10.412Z - info: Inicio Lista deusuarios
2023-10-27T03:30:10.423Z - info: Final lista de usuarios
2023-10-31T13:10:08.073Z - info: Express server for Users listening on port3000
2023-10-31T13:11:20.268Z - info: Begin List User
2023-10-31T13:11:20.308Z - info: End List User
2023-10-31T13:38:16.666Z - info: Express server for Users listening on port3000
2023-10-31T13:38:46.997Z - info: Begin List User
2023-10-31T13:38:51.151Z - info: Begin List User
2023-10-31T13:40:49.824Z - info: Express server for Users listening on port3000
2023-10-31T13:40:59.856Z - info: Begin List User
2023-10-31T13:41:07.740Z - info: Begin Register User
2023-10-31T13:41:40.684Z - info: Begin Register User
2023-10-31T13:41:52.314Z - info: Inicio Lista deusuarios
2023-10-31T13:42:53.479Z - info: Inicio Lista deusuarios
2023-10-31T13:43:08.943Z - info: Inicio Lista deusuarios
2023-10-31T13:44:51.187Z - info: Inicio Lista deusuarios
2023-10-31T23:52:23.010Z - info: Express server for Users listening on port3000
2023-10-31T23:53:06.293Z - info: Express server for Users listening on port3000
2023-10-31T23:53:10.621Z - info: Inicio Lista deusuarios
2023-11-01T02:15:41.470Z - info: Express server for Users listening on port3000
2023-11-01T12:45:57.739Z - info: Express server for Users listening on port3000
2023-11-01T12:46:32.942Z - info: Inicio Lista deusuarios
2023-11-01T12:46:41.506Z - info: Begin Register User
2023-11-01T12:46:44.981Z - info: Begin Register User
2023-11-01T12:48:46.082Z - info: Express server for Users listening on port3000
2023-11-01T13:03:28.662Z - info: Express server for Users listening on port3000
2023-11-01T13:04:00.582Z - info: Begin Register User
2023-11-01T13:04:00.877Z - info: End Register User
2023-11-01T13:04:12.728Z - info: Begin List User
2023-11-01T13:04:20.321Z - info: Inicio Lista deusuarios
2023-11-01T13:04:20.331Z - info: Final lista de usuarios
2023-11-01T13:41:57.604Z - info: Express server for Users listening on port3000
2023-11-01T13:42:15.567Z - info: Inicio Lista deusuarios
2023-11-01T13:42:15.575Z - info: Final lista de usuarios
2023-11-01T13:42:35.452Z - info: Begin Register User
2023-11-01T13:42:35.776Z - info: End Register User
2023-11-01T13:42:43.112Z - info: Begin List User
2023-11-01T13:42:49.956Z - info: Inicio Lista deusuarios
2023-11-01T13:42:49.961Z - info: Final lista de usuarios
2023-11-01T13:43:05.793Z - info: Begin List User
2023-11-01T13:43:05.802Z - info: End List User
2023-11-01T13:43:28.417Z - info: Begin Update User
2023-11-01T13:43:28.423Z - info: End Update User
2023-11-01T13:43:43.841Z - info: Begin inactive User
2023-11-01T13:43:43.844Z - info: End inactive User
2023-11-01T13:43:51.243Z - info: Inicio Lista deusuarios
2023-11-01T13:43:51.246Z - info: Final lista de usuarios
2023-11-01T13:48:49.660Z - info: Begin Register User
2023-11-01T13:48:49.754Z - info: End Register User
2023-11-03T22:00:12.535Z - info: Express server for Users listening on port3000
2023-11-03T22:08:13.652Z - info: Express server for Users listening on port3000
2023-11-03T22:08:20.736Z - info: Begin Register User
2023-11-03T22:08:20.882Z - info: End Register User
2023-11-03T22:09:37.263Z - info: Express server for Users listening on port3000
2023-11-03T22:09:39.641Z - info: Express server for Users listening on port3000
2023-11-03T22:09:51.875Z - info: Express server for Users listening on port3000
2023-11-03T22:12:19.259Z - info: Begin Register User
2023-11-03T22:12:19.468Z - info: End Register User
2023-11-03T22:13:02.242Z - info: Begin Register User
2023-11-03T22:13:02.296Z - info: End Register User
2023-11-03T22:13:56.596Z - info: Express server for Users listening on port3000
2023-11-03T22:16:23.870Z - info: Inicio Lista deusuarios
2023-11-03T22:16:23.878Z - info: Final lista de usuarios
2023-11-03T22:16:41.235Z - info: Begin List User
2023-11-03T22:16:58.868Z - info: Begin List User
2023-11-03T22:16:58.875Z - info: End List User
2023-11-03T22:18:00.381Z - info: Begin List User
2023-11-03T22:18:00.385Z - info: End List User
2023-11-03T22:18:11.964Z - info: Begin List User
2023-11-03T22:18:11.969Z - info: End List User
2023-11-03T22:18:35.518Z - info: Inicio Lista deusuarios
2023-11-03T22:18:35.520Z - info: Final lista de usuarios
2023-11-03T22:19:12.341Z - info: Begin Update User
2023-11-03T22:19:12.346Z - info: End Update User
2023-11-03T22:19:44.295Z - info: Begin inactive User
2023-11-03T22:19:44.296Z - info: End inactive User
2023-11-03T22:20:46.503Z - info: Inicio Lista deusuarios
2023-11-03T22:20:46.505Z - info: Final lista de usuarios
2023-11-03T22:22:37.957Z - info: Express server for Users listening on port3000
2023-11-03T22:30:43.825Z - info: Express server for Users listening on port3000
2023-11-03T22:32:44.441Z - info: Express server for Users listening on port3000
2023-11-03T22:32:53.858Z - info: Express server for Users listening on port3000
2023-11-03T22:32:58.054Z - info: Express server for Users listening on port3000
2023-11-07T13:39:25.292Z - info: Express server for Users listening on port3000
2023-11-07T13:40:18.237Z - info: Begin List User
2023-11-07T13:40:18.392Z - info: End List User
2023-11-07T13:40:41.032Z - info: Inicio Lista de usuarios
2023-11-07T13:40:41.074Z - info: Final lista de usuarios
2023-11-07T13:41:21.751Z - info: Begin Register User
2023-11-07T13:41:23.765Z - info: End Register User
2023-11-07T13:42:02.011Z - info: Inicio Lista de usuarios
2023-11-07T13:42:02.019Z - info: Final lista de usuarios
2023-11-07T13:42:38.105Z - info: Begin inactive User
2023-11-07T13:42:38.117Z - info: End inactive User
2023-11-07T13:43:01.766Z - info: Inicio Lista de usuarios
2023-11-07T13:43:01.773Z - info: Final lista de usuarios
2023-11-07T13:43:31.079Z - info: Begin Update User
2023-11-07T13:43:31.081Z - info: End Update User
2023-11-07T13:43:47.367Z - info: Inicio Lista de usuarios
2023-11-07T13:43:47.368Z - info: Final lista de usuarios
2023-11-08T12:50:03.955Z - info: Express server for Users listening on port3000
2023-11-08T12:50:09.655Z - info: Begin Register Libro
2023-11-08T12:50:52.973Z - info: Express server for Users listening on port3000
2023-11-08T12:51:15.630Z - info: Express server for Users listening on port3000
2023-11-08T12:51:27.883Z - info: Express server for Users listening on port3000
2023-11-08T12:51:36.432Z - info: Begin Register Libro
2023-11-08T13:34:11.132Z - info: Express server for Users listening on port3000
2023-11-08T13:38:49.130Z - info: Begin Register Libro
2023-11-08T13:39:13.230Z - info: Begin Register Libro
2023-11-08T13:40:30.337Z - info: Express server for Users listening on port3000
2023-11-08T13:40:35.065Z - info: Express server for Users listening on port3000
2023-11-08T13:41:09.311Z - info: Express server for Users listening on port3000
2023-11-08T13:41:11.348Z - info: Express server for Users listening on port3000
2023-11-08T13:41:23.476Z - info: Express server for Users listening on port3000
2023-11-08T13:41:28.663Z - info: Express server for Users listening on port3000
2023-11-08T13:41:34.452Z - info: Begin Register Libro
2023-11-08T13:41:34.520Z - info: End Register User
2023-11-08T13:44:33.678Z - info: Express server for Users listening on port3000
2023-11-08T13:44:41.140Z - info: Begin Register Libro
2023-11-08T13:44:41.264Z - info: End Register User
2023-11-08T13:46:11.942Z - info: Express server for Users listening on port3000
2023-11-08T13:46:16.733Z - info: Express server for Users listening on port3000
2023-11-08T13:46:33.212Z - info: Express server for Users listening on port3000
2023-11-08T13:46:41.142Z - info: Express server for Users listening on port3000
2023-11-08T13:46:51.493Z - info: Express server for Users listening on port3000
2023-11-08T13:46:54.230Z - info: Express server for Users listening on port3000
2023-11-08T13:47:22.517Z - info: Express server for Users listening on port3000
2023-11-08T13:47:26.631Z - info: Express server for Users listening on port3000
2023-11-08T13:47:32.719Z - info: Express server for Users listening on port3000
2023-11-08T13:47:37.594Z - info: Express server for Users listening on port3000
2023-11-08T13:48:34.636Z - info: Express server for Users listening on port3000
2023-11-08T13:48:47.048Z - info: Express server for Users listening on port3000
2023-11-08T13:49:10.396Z - info: Express server for Users listening on port3000
2023-11-08T13:49:22.165Z - info: Express server for Users listening on port3000
2023-11-08T13:49:31.212Z - info: Express server for Users listening on port3000
2023-11-08T13:50:19.747Z - info: Express server for Users listening on port3000
2023-11-08T13:50:33.064Z - info: Express server for Users listening on port3000
2023-11-08T13:50:40.619Z - info: Express server for Users listening on port3000
2023-11-08T13:50:51.735Z - info: Express server for Users listening on port3000
2023-11-08T13:50:56.461Z - info: Express server for Users listening on port3000
2023-11-08T13:51:08.847Z - info: Express server for Users listening on port3000
2023-11-08T13:51:15.296Z - info: Express server for Users listening on port3000
2023-11-08T13:51:19.567Z - info: Express server for Users listening on port3000
2023-11-08T13:51:26.118Z - info: Express server for Users listening on port3000
2023-11-08T13:51:37.728Z - info: Express server for Users listening on port3000
2023-11-08T13:51:49.189Z - info: Express server for Users listening on port3000
2023-11-08T13:51:51.926Z - info: Express server for Users listening on port3000
2023-11-08T13:51:57.806Z - info: Express server for Users listening on port3000
2023-11-08T13:52:26.907Z - info: Begin Register Libro
2023-11-08T13:52:26.977Z - info: End Register User
2023-11-08T13:54:23.872Z - info: Inicio Lista de libros
2023-11-08T13:54:23.884Z - info: Final lista de libros
2023-11-08T13:55:56.815Z - info: Inicio Lista de libros
2023-11-08T13:55:56.819Z - info: Final lista de libros
2023-11-08T13:56:12.972Z - info: Begin List libros
2023-11-08T13:56:13.005Z - info: End List libros
2023-11-08T13:58:22.954Z - info: Begin Update Libro
2023-11-08T13:58:22.974Z - info: End Update Libro
2023-11-08T13:58:51.841Z - info: Inicio Lista de libros
2023-11-08T13:58:51.921Z - info: Final lista de libros
2023-11-08T13:59:46.334Z - info: Begin inactive Libro
2023-11-08T13:59:46.404Z - info: End inactive Libro
2023-11-08T14:00:00.718Z - info: Inicio Lista de libros
2023-11-08T14:00:00.785Z - info: Final lista de libros
2023-11-14T23:28:22.960Z - info: Express server for Users listening on port3000
2023-11-14T23:28:53.463Z - info: Inicio Lista de libros
2023-11-14T23:28:53.477Z - info: Final lista de libros
2023-11-14T23:45:47.696Z - info: Express server for Users listening on port3000
2023-11-14T23:45:51.984Z - info: Begin Register Editorial
2023-11-14T23:46:27.147Z - info: Begin Register Editorial
2023-11-14T23:46:27.296Z - info: End Register Editorial
2023-11-14T23:47:21.362Z - info: Inicio Lista de editoriales
2023-11-14T23:47:21.371Z - info: Final lista de editoriales
2023-11-14T23:48:19.170Z - info: Begin List Editorial
2023-11-14T23:48:57.042Z - info: Express server for Users listening on port3000
2023-11-14T23:48:58.003Z - info: Begin List Editorial
2023-11-14T23:48:58.163Z - info: End List Editorial
2023-11-14T23:49:07.703Z - info: Begin Register Editorial
2023-11-14T23:49:07.790Z - info: End Register Editorial
2023-11-14T23:49:14.619Z - info: Inicio Lista de editoriales
2023-11-14T23:49:14.627Z - info: Final lista de editoriales
2023-11-14T23:49:22.737Z - info: Begin List Editorial
2023-11-14T23:49:22.743Z - info: End List Editorial
2023-11-14T23:50:26.359Z - info: Begin Update editorial
2023-11-14T23:50:26.361Z - info: End Update editorial
2023-11-14T23:50:42.660Z - info: Inicio Lista de editoriales
2023-11-14T23:50:42.664Z - info: Final lista de editoriales
2023-11-14T23:50:48.998Z - info: Begin List Editorial
2023-11-14T23:50:49.009Z - info: End List Editorial
2023-11-14T23:51:30.128Z - info: Begin inactive editorial
2023-11-14T23:51:39.099Z - info: Inicio Lista de editoriales
2023-11-14T23:51:39.101Z - info: Final lista de editoriales
2023-11-14T23:51:53.095Z - info: Begin inactive editorial
